[0727/204519.710:ERROR:crash_report_database_win.cc(469)] failed to stat report
[0727/204519.712:ERROR:crash_report_database_win.cc(469)] failed to stat report
[0727/204519.712:ERROR:crash_report_database_win.cc(469)] failed to stat report
[0727/204519.713:ERROR:crash_report_database_win.cc(469)] failed to stat report
[0727/204519.713:ERROR:crash_report_database_win.cc(469)] failed to stat report
[0727/204519.714:ERROR:crash_report_database_win.cc(469)] failed to stat report
[0727/204519.714:ERROR:crash_report_database_win.cc(469)] failed to stat report
[0727/204519.715:ERROR:crash_report_database_win.cc(469)] failed to stat report
[0727/204519.715:ERROR:crash_report_database_win.cc(469)] failed to stat report
[0727/204519.716:ERROR:crash_report_database_win.cc(469)] failed to stat report
[0727/204519.717:ERROR:crash_report_database_win.cc(469)] failed to stat report
[0727/204519.718:ERROR:crash_report_database_win.cc(469)] failed to stat report
[0728/105839.340:ERROR:crash_report_database_win.cc(469)] failed to stat report
[0728/105839.368:ERROR:crash_report_database_win.cc(469)] failed to stat report
[0728/105839.369:ERROR:crash_report_database_win.cc(469)] failed to stat report
[0728/105839.369:ERROR:crash_report_database_win.cc(469)] failed to stat report
[0728/105839.369:ERROR:crash_report_database_win.cc(469)] failed to stat report
[0728/105839.370:ERROR:crash_report_database_win.cc(469)] failed to stat report
[0728/105839.370:ERROR:crash_report_database_win.cc(469)] failed to stat report
[0728/105839.371:ERROR:crash_report_database_win.cc(469)] failed to stat report
[0728/105839.371:ERROR:crash_report_database_win.cc(469)] failed to stat report
[0728/105839.372:ERROR:crash_report_database_win.cc(469)] failed to stat report
[0728/105839.372:ERROR:crash_report_database_win.cc(469)] failed to stat report
[0728/105839.373:ERROR:crash_report_database_win.cc(469)] failed to stat report
[0728/114638.268:ERROR:crash_report_database_win.cc(469)] failed to stat report
[0728/114638.270:ERROR:crash_report_database_win.cc(469)] failed to stat report
[0728/114638.270:ERROR:crash_report_database_win.cc(469)] failed to stat report
[0728/114638.271:ERROR:crash_report_database_win.cc(469)] failed to stat report
[0728/114638.271:ERROR:crash_report_database_win.cc(469)] failed to stat report
[0728/114638.272:ERROR:crash_report_database_win.cc(469)] failed to stat report
[0728/114638.272:ERROR:crash_report_database_win.cc(469)] failed to stat report
[0728/114638.273:ERROR:crash_report_database_win.cc(469)] failed to stat report
[0728/114638.273:ERROR:crash_report_database_win.cc(469)] failed to stat report
[0728/114638.274:ERROR:crash_report_database_win.cc(469)] failed to stat report
[0728/114638.274:ERROR:crash_report_database_win.cc(469)] failed to stat report
[0728/114638.275:ERROR:crash_report_database_win.cc(469)] failed to stat report
[0728/125913.875:ERROR:crash_report_database_win.cc(469)] failed to stat report
[0728/125913.877:ERROR:crash_report_database_win.cc(469)] failed to stat report
[0728/125913.877:ERROR:crash_report_database_win.cc(469)] failed to stat report
[0728/125913.878:ERROR:crash_report_database_win.cc(469)] failed to stat report
[0728/125913.879:ERROR:crash_report_database_win.cc(469)] failed to stat report
[0728/125913.879:ERROR:crash_report_database_win.cc(469)] failed to stat report
[0728/125913.880:ERROR:crash_report_database_win.cc(469)] failed to stat report
[0728/125913.880:ERROR:crash_report_database_win.cc(469)] failed to stat report
[0728/125913.881:ERROR:crash_report_database_win.cc(469)] failed to stat report
[0728/125913.882:ERROR:crash_report_database_win.cc(469)] failed to stat report
[0728/125913.882:ERROR:crash_report_database_win.cc(469)] failed to stat report
[0728/125913.883:ERROR:crash_report_database_win.cc(469)] failed to stat report
[0728/130913.877:ERROR:crash_report_database_win.cc(469)] failed to stat report
[0728/130913.879:ERROR:crash_report_database_win.cc(469)] failed to stat report
[0728/130913.880:ERROR:crash_report_database_win.cc(469)] failed to stat report
[0728/130913.882:ERROR:crash_report_database_win.cc(469)] failed to stat report
[0728/130913.883:ERROR:crash_report_database_win.cc(469)] failed to stat report
[0728/130913.885:ERROR:crash_report_database_win.cc(469)] failed to stat report
[0728/130913.886:ERROR:crash_report_database_win.cc(469)] failed to stat report
[0728/130913.888:ERROR:crash_report_database_win.cc(469)] failed to stat report
[0728/130913.889:ERROR:crash_report_database_win.cc(469)] failed to stat report
[0728/130913.891:ERROR:crash_report_database_win.cc(469)] failed to stat report
[0728/130913.892:ERROR:crash_report_database_win.cc(469)] failed to stat report
[0728/130913.893:ERROR:crash_report_database_win.cc(469)] failed to stat report
[0728/130913.897:ERROR:crash_report_database_win.cc(469)] failed to stat report
[0728/130913.898:ERROR:crash_report_database_win.cc(469)] failed to stat report
[0728/130913.898:ERROR:crash_report_database_win.cc(469)] failed to stat report
[0728/130913.899:ERROR:crash_report_database_win.cc(469)] failed to stat report
[0728/130913.900:ERROR:crash_report_database_win.cc(469)] failed to stat report
[0728/130913.900:ERROR:crash_report_database_win.cc(469)] failed to stat report
[0728/130913.901:ERROR:crash_report_database_win.cc(469)] failed to stat report
[0728/130913.901:ERROR:crash_report_database_win.cc(469)] failed to stat report
[0728/130913.902:ERROR:crash_report_database_win.cc(469)] failed to stat report
[0728/130913.902:ERROR:crash_report_database_win.cc(469)] failed to stat report
[0728/130913.903:ERROR:crash_report_database_win.cc(469)] failed to stat report
[0728/130913.904:ERROR:crash_report_database_win.cc(469)] failed to stat report
[0728/131413.887:ERROR:crash_report_database_win.cc(469)] failed to stat report
[0728/131413.889:ERROR:crash_report_database_win.cc(469)] failed to stat report
[0728/131413.890:ERROR:crash_report_database_win.cc(469)] failed to stat report
[0728/131413.892:ERROR:crash_report_database_win.cc(469)] failed to stat report
[0728/131413.893:ERROR:crash_report_database_win.cc(469)] failed to stat report
[0728/131413.894:ERROR:crash_report_database_win.cc(469)] failed to stat report
[0728/131413.896:ERROR:crash_report_database_win.cc(469)] failed to stat report
[0728/131413.897:ERROR:crash_report_database_win.cc(469)] failed to stat report
[0728/131413.899:ERROR:crash_report_database_win.cc(469)] failed to stat report
[0728/131413.900:ERROR:crash_report_database_win.cc(469)] failed to stat report
[0728/131413.902:ERROR:crash_report_database_win.cc(469)] failed to stat report
[0728/131413.903:ERROR:crash_report_database_win.cc(469)] failed to stat report
[0728/174008.164:ERROR:crash_report_database_win.cc(469)] failed to stat report
[0728/174008.180:ERROR:crash_report_database_win.cc(469)] failed to stat report
[0728/174008.180:ERROR:crash_report_database_win.cc(469)] failed to stat report
[0728/174008.180:ERROR:crash_report_database_win.cc(469)] failed to stat report
[0728/174008.180:ERROR:crash_report_database_win.cc(469)] failed to stat report
[0728/174008.180:ERROR:crash_report_database_win.cc(469)] failed to stat report
[0728/174008.180:ERROR:crash_report_database_win.cc(469)] failed to stat report
[0728/174008.180:ERROR:crash_report_database_win.cc(469)] failed to stat report
[0728/174008.180:ERROR:crash_report_database_win.cc(469)] failed to stat report
[0728/174008.180:ERROR:crash_report_database_win.cc(469)] failed to stat report
[0728/174008.180:ERROR:crash_report_database_win.cc(469)] failed to stat report
[0728/174008.180:ERROR:crash_report_database_win.cc(469)] failed to stat report
[0728/174531.072:ERROR:crash_report_database_win.cc(469)] failed to stat report
[0728/174531.072:ERROR:crash_report_database_win.cc(469)] failed to stat report
[0728/174531.072:ERROR:crash_report_database_win.cc(469)] failed to stat report
[0728/174531.072:ERROR:crash_report_database_win.cc(469)] failed to stat report
[0728/174531.072:ERROR:crash_report_database_win.cc(469)] failed to stat report
[0728/174531.072:ERROR:crash_report_database_win.cc(469)] failed to stat report
[0728/174531.072:ERROR:crash_report_database_win.cc(469)] failed to stat report
[0728/174531.072:ERROR:crash_report_database_win.cc(469)] failed to stat report
[0728/174531.072:ERROR:crash_report_database_win.cc(469)] failed to stat report
[0728/174531.072:ERROR:crash_report_database_win.cc(469)] failed to stat report
[0728/174531.072:ERROR:crash_report_database_win.cc(469)] failed to stat report
[0728/174531.072:ERROR:crash_report_database_win.cc(469)] failed to stat report
[0728/210159.952:ERROR:crash_report_database_win.cc(469)] failed to stat report
[0728/210159.952:ERROR:crash_report_database_win.cc(469)] failed to stat report
[0728/210159.952:ERROR:crash_report_database_win.cc(469)] failed to stat report
[0728/210159.952:ERROR:crash_report_database_win.cc(469)] failed to stat report
[0728/210159.952:ERROR:crash_report_database_win.cc(469)] failed to stat report
[0728/210159.952:ERROR:crash_report_database_win.cc(469)] failed to stat report
[0728/210159.952:ERROR:crash_report_database_win.cc(469)] failed to stat report
[0728/210159.952:ERROR:crash_report_database_win.cc(469)] failed to stat report
[0728/210159.952:ERROR:crash_report_database_win.cc(469)] failed to stat report
[0728/210159.952:ERROR:crash_report_database_win.cc(469)] failed to stat report
[0728/210159.960:ERROR:crash_report_database_win.cc(469)] failed to stat report
[0728/210159.960:ERROR:crash_report_database_win.cc(469)] failed to stat report
[0729/210421.317:ERROR:crash_report_database_win.cc(469)] failed to stat report
[0729/210421.335:ERROR:crash_report_database_win.cc(469)] failed to stat report
[0729/210421.337:ERROR:crash_report_database_win.cc(469)] failed to stat report
[0729/210421.338:ERROR:crash_report_database_win.cc(469)] failed to stat report
[0729/210421.339:ERROR:crash_report_database_win.cc(469)] failed to stat report
[0729/210421.340:ERROR:crash_report_database_win.cc(469)] failed to stat report
[0729/210421.342:ERROR:crash_report_database_win.cc(469)] failed to stat report
[0729/210421.343:ERROR:crash_report_database_win.cc(469)] failed to stat report
[0729/210421.345:ERROR:crash_report_database_win.cc(469)] failed to stat report
[0729/210421.346:ERROR:crash_report_database_win.cc(469)] failed to stat report
[0729/210421.347:ERROR:crash_report_database_win.cc(469)] failed to stat report
[0729/210421.349:ERROR:crash_report_database_win.cc(469)] failed to stat report
[0729/211421.316:ERROR:crash_report_database_win.cc(469)] failed to stat report
[0729/211421.317:ERROR:crash_report_database_win.cc(469)] failed to stat report
[0729/211421.318:ERROR:crash_report_database_win.cc(469)] failed to stat report
[0729/211421.319:ERROR:crash_report_database_win.cc(469)] failed to stat report
[0729/211421.320:ERROR:crash_report_database_win.cc(469)] failed to stat report
[0729/211421.320:ERROR:crash_report_database_win.cc(469)] failed to stat report
[0729/211421.322:ERROR:crash_report_database_win.cc(469)] failed to stat report
[0729/211421.323:ERROR:crash_report_database_win.cc(469)] failed to stat report
[0729/211421.323:ERROR:crash_report_database_win.cc(469)] failed to stat report
[0729/211421.324:ERROR:crash_report_database_win.cc(469)] failed to stat report
[0729/211421.325:ERROR:crash_report_database_win.cc(469)] failed to stat report
[0729/211421.326:ERROR:crash_report_database_win.cc(469)] failed to stat report
[0729/211421.328:ERROR:crash_report_database_win.cc(469)] failed to stat report
[0729/211421.329:ERROR:crash_report_database_win.cc(469)] failed to stat report
[0729/211421.330:ERROR:crash_report_database_win.cc(469)] failed to stat report
[0729/211421.331:ERROR:crash_report_database_win.cc(469)] failed to stat report
[0729/211421.333:ERROR:crash_report_database_win.cc(469)] failed to stat report
[0729/211421.333:ERROR:crash_report_database_win.cc(469)] failed to stat report
[0729/211421.334:ERROR:crash_report_database_win.cc(469)] failed to stat report
[0729/211421.335:ERROR:crash_report_database_win.cc(469)] failed to stat report
[0729/211421.336:ERROR:crash_report_database_win.cc(469)] failed to stat report
[0729/211421.337:ERROR:crash_report_database_win.cc(469)] failed to stat report
[0729/211421.338:ERROR:crash_report_database_win.cc(469)] failed to stat report
[0729/211421.339:ERROR:crash_report_database_win.cc(469)] failed to stat report
[0729/211921.352:ERROR:crash_report_database_win.cc(469)] failed to stat report
[0729/211921.353:ERROR:crash_report_database_win.cc(469)] failed to stat report
[0729/211921.354:ERROR:crash_report_database_win.cc(469)] failed to stat report
[0729/211921.355:ERROR:crash_report_database_win.cc(469)] failed to stat report
[0729/211921.356:ERROR:crash_report_database_win.cc(469)] failed to stat report
[0729/211921.357:ERROR:crash_report_database_win.cc(469)] failed to stat report
[0729/211921.358:ERROR:crash_report_database_win.cc(469)] failed to stat report
[0729/211921.358:ERROR:crash_report_database_win.cc(469)] failed to stat report
[0729/211921.359:ERROR:crash_report_database_win.cc(469)] failed to stat report
[0729/211921.360:ERROR:crash_report_database_win.cc(469)] failed to stat report
[0729/211921.361:ERROR:crash_report_database_win.cc(469)] failed to stat report
[0729/211921.362:ERROR:crash_report_database_win.cc(469)] failed to stat report
[0729/213421.459:ERROR:crash_report_database_win.cc(469)] failed to stat report
[0729/213421.460:ERROR:crash_report_database_win.cc(469)] failed to stat report
[0729/213421.462:ERROR:crash_report_database_win.cc(469)] failed to stat report
[0729/213421.463:ERROR:crash_report_database_win.cc(469)] failed to stat report
[0729/213421.465:ERROR:crash_report_database_win.cc(469)] failed to stat report
[0729/213421.466:ERROR:crash_report_database_win.cc(469)] failed to stat report
[0729/213421.467:ERROR:crash_report_database_win.cc(469)] failed to stat report
[0729/213421.469:ERROR:crash_report_database_win.cc(469)] failed to stat report
[0729/213421.470:ERROR:crash_report_database_win.cc(469)] failed to stat report
[0729/213421.472:ERROR:crash_report_database_win.cc(469)] failed to stat report
[0729/213421.473:ERROR:crash_report_database_win.cc(469)] failed to stat report
[0729/213421.475:ERROR:crash_report_database_win.cc(469)] failed to stat report
[0729/214921.481:ERROR:crash_report_database_win.cc(469)] failed to stat report
[0729/214921.482:ERROR:crash_report_database_win.cc(469)] failed to stat report
[0729/214921.493:ERROR:crash_report_database_win.cc(469)] failed to stat report
[0729/214921.494:ERROR:crash_report_database_win.cc(469)] failed to stat report
[0729/214921.496:ERROR:crash_report_database_win.cc(469)] failed to stat report
[0729/214921.497:ERROR:crash_report_database_win.cc(469)] failed to stat report
[0729/214921.498:ERROR:crash_report_database_win.cc(469)] failed to stat report
[0729/214921.512:ERROR:crash_report_database_win.cc(469)] failed to stat report
[0729/214921.522:ERROR:crash_report_database_win.cc(469)] failed to stat report
[0729/214921.530:ERROR:crash_report_database_win.cc(469)] failed to stat report
[0729/214921.531:ERROR:crash_report_database_win.cc(469)] failed to stat report
[0729/214921.533:ERROR:crash_report_database_win.cc(469)] failed to stat report
[0729/220421.535:ERROR:crash_report_database_win.cc(469)] failed to stat report
[0729/220421.536:ERROR:crash_report_database_win.cc(469)] failed to stat report
[0729/220421.537:ERROR:crash_report_database_win.cc(469)] failed to stat report
[0729/220421.538:ERROR:crash_report_database_win.cc(469)] failed to stat report
[0729/220421.539:ERROR:crash_report_database_win.cc(469)] failed to stat report
[0729/220421.539:ERROR:crash_report_database_win.cc(469)] failed to stat report
[0729/220421.540:ERROR:crash_report_database_win.cc(469)] failed to stat report
[0729/220421.541:ERROR:crash_report_database_win.cc(469)] failed to stat report
[0729/220421.542:ERROR:crash_report_database_win.cc(469)] failed to stat report
[0729/220421.543:ERROR:crash_report_database_win.cc(469)] failed to stat report
[0729/220421.544:ERROR:crash_report_database_win.cc(469)] failed to stat report
[0729/220421.545:ERROR:crash_report_database_win.cc(469)] failed to stat report
[0729/221921.548:ERROR:crash_report_database_win.cc(469)] failed to stat report
[0729/221921.550:ERROR:crash_report_database_win.cc(469)] failed to stat report
[0729/221921.551:ERROR:crash_report_database_win.cc(469)] failed to stat report
[0729/221921.551:ERROR:crash_report_database_win.cc(469)] failed to stat report
[0729/221921.552:ERROR:crash_report_database_win.cc(469)] failed to stat report
[0729/221921.553:ERROR:crash_report_database_win.cc(469)] failed to stat report
[0729/221921.554:ERROR:crash_report_database_win.cc(469)] failed to stat report
[0729/221921.555:ERROR:crash_report_database_win.cc(469)] failed to stat report
[0729/221921.556:ERROR:crash_report_database_win.cc(469)] failed to stat report
[0729/221921.557:ERROR:crash_report_database_win.cc(469)] failed to stat report
[0729/221921.558:ERROR:crash_report_database_win.cc(469)] failed to stat report
[0729/221921.558:ERROR:crash_report_database_win.cc(469)] failed to stat report
[0729/223421.563:ERROR:crash_report_database_win.cc(469)] failed to stat report
[0729/223421.565:ERROR:crash_report_database_win.cc(469)] failed to stat report
[0729/223421.566:ERROR:crash_report_database_win.cc(469)] failed to stat report
[0729/223421.568:ERROR:crash_report_database_win.cc(469)] failed to stat report
[0729/223421.569:ERROR:crash_report_database_win.cc(469)] failed to stat report
[0729/223421.571:ERROR:crash_report_database_win.cc(469)] failed to stat report
[0729/223421.572:ERROR:crash_report_database_win.cc(469)] failed to stat report
[0729/223421.574:ERROR:crash_report_database_win.cc(469)] failed to stat report
[0729/223421.576:ERROR:crash_report_database_win.cc(469)] failed to stat report
[0729/223421.577:ERROR:crash_report_database_win.cc(469)] failed to stat report
[0729/223421.578:ERROR:crash_report_database_win.cc(469)] failed to stat report
[0729/223421.580:ERROR:crash_report_database_win.cc(469)] failed to stat report
[0729/224921.583:ERROR:crash_report_database_win.cc(469)] failed to stat report
[0729/224921.585:ERROR:crash_report_database_win.cc(469)] failed to stat report
[0729/224921.586:ERROR:crash_report_database_win.cc(469)] failed to stat report
[0729/224921.588:ERROR:crash_report_database_win.cc(469)] failed to stat report
[0729/224921.589:ERROR:crash_report_database_win.cc(469)] failed to stat report
[0729/224921.591:ERROR:crash_report_database_win.cc(469)] failed to stat report
[0729/224921.592:ERROR:crash_report_database_win.cc(469)] failed to stat report
[0729/224921.594:ERROR:crash_report_database_win.cc(469)] failed to stat report
[0729/224921.595:ERROR:crash_report_database_win.cc(469)] failed to stat report
[0729/224921.596:ERROR:crash_report_database_win.cc(469)] failed to stat report
[0729/224921.598:ERROR:crash_report_database_win.cc(469)] failed to stat report
[0729/224921.599:ERROR:crash_report_database_win.cc(469)] failed to stat report
<<<<<<< Updated upstream
=======
<<<<<<< HEAD
[0730/112129.186:ERROR:crash_report_database_win.cc(469)] failed to stat report
[0730/112129.188:ERROR:crash_report_database_win.cc(469)] failed to stat report
[0730/112129.189:ERROR:crash_report_database_win.cc(469)] failed to stat report
[0730/112129.189:ERROR:crash_report_database_win.cc(469)] failed to stat report
[0730/112129.190:ERROR:crash_report_database_win.cc(469)] failed to stat report
[0730/112129.190:ERROR:crash_report_database_win.cc(469)] failed to stat report
[0730/112129.191:ERROR:crash_report_database_win.cc(469)] failed to stat report
[0730/112129.191:ERROR:crash_report_database_win.cc(469)] failed to stat report
[0730/112129.192:ERROR:crash_report_database_win.cc(469)] failed to stat report
[0730/112129.192:ERROR:crash_report_database_win.cc(469)] failed to stat report
[0730/112129.193:ERROR:crash_report_database_win.cc(469)] failed to stat report
[0730/112129.193:ERROR:crash_report_database_win.cc(469)] failed to stat report
=======
>>>>>>> f03f4aa07206ef9ff6570b8148894eac4cae9247
>>>>>>> Stashed changes
[0730/113027.318:ERROR:crash_report_database_win.cc(469)] failed to stat report
[0730/113027.321:ERROR:crash_report_database_win.cc(469)] failed to stat report
[0730/113027.321:ERROR:crash_report_database_win.cc(469)] failed to stat report
[0730/113027.322:ERROR:crash_report_database_win.cc(469)] failed to stat report
[0730/113027.323:ERROR:crash_report_database_win.cc(469)] failed to stat report
[0730/113027.323:ERROR:crash_report_database_win.cc(469)] failed to stat report
[0730/113027.324:ERROR:crash_report_database_win.cc(469)] failed to stat report
[0730/113027.325:ERROR:crash_report_database_win.cc(469)] failed to stat report
[0730/113027.325:ERROR:crash_report_database_win.cc(469)] failed to stat report
[0730/113027.326:ERROR:crash_report_database_win.cc(469)] failed to stat report
[0730/113027.327:ERROR:crash_report_database_win.cc(469)] failed to stat report
[0730/113027.327:ERROR:crash_report_database_win.cc(469)] failed to stat report
[0730/115012.106:ERROR:crash_report_database_win.cc(469)] failed to stat report
[0730/115012.109:ERROR:crash_report_database_win.cc(469)] failed to stat report
[0730/115012.110:ERROR:crash_report_database_win.cc(469)] failed to stat report
[0730/115012.111:ERROR:crash_report_database_win.cc(469)] failed to stat report
[0730/115012.112:ERROR:crash_report_database_win.cc(469)] failed to stat report
[0730/115012.113:ERROR:crash_report_database_win.cc(469)] failed to stat report
[0730/115012.114:ERROR:crash_report_database_win.cc(469)] failed to stat report
[0730/115012.115:ERROR:crash_report_database_win.cc(469)] failed to stat report
[0730/115012.116:ERROR:crash_report_database_win.cc(469)] failed to stat report
[0730/115012.117:ERROR:crash_report_database_win.cc(469)] failed to stat report
[0730/115012.118:ERROR:crash_report_database_win.cc(469)] failed to stat report
[0730/115012.119:ERROR:crash_report_database_win.cc(469)] failed to stat report
[0730/115933.109:ERROR:crash_report_database_win.cc(469)] failed to stat report
[0730/115933.111:ERROR:crash_report_database_win.cc(469)] failed to stat report
[0730/115933.112:ERROR:crash_report_database_win.cc(469)] failed to stat report
[0730/115933.113:ERROR:crash_report_database_win.cc(469)] failed to stat report
[0730/115933.113:ERROR:crash_report_database_win.cc(469)] failed to stat report
[0730/115933.114:ERROR:crash_report_database_win.cc(469)] failed to stat report
[0730/115933.114:ERROR:crash_report_database_win.cc(469)] failed to stat report
[0730/115933.115:ERROR:crash_report_database_win.cc(469)] failed to stat report
[0730/115933.116:ERROR:crash_report_database_win.cc(469)] failed to stat report
[0730/115933.116:ERROR:crash_report_database_win.cc(469)] failed to stat report
[0730/115933.117:ERROR:crash_report_database_win.cc(469)] failed to stat report
[0730/115933.118:ERROR:crash_report_database_win.cc(469)] failed to stat report
[0730/225039.893:ERROR:crash_report_database_win.cc(469)] failed to stat report
[0730/225039.893:ERROR:crash_report_database_win.cc(469)] failed to stat report
[0730/225039.893:ERROR:crash_report_database_win.cc(469)] failed to stat report
[0730/225039.893:ERROR:crash_report_database_win.cc(469)] failed to stat report
[0730/225039.893:ERROR:crash_report_database_win.cc(469)] failed to stat report
[0730/225039.893:ERROR:crash_report_database_win.cc(469)] failed to stat report
[0730/225039.893:ERROR:crash_report_database_win.cc(469)] failed to stat report
[0730/225039.893:ERROR:crash_report_database_win.cc(469)] failed to stat report
[0730/225039.893:ERROR:crash_report_database_win.cc(469)] failed to stat report
[0730/225039.893:ERROR:crash_report_database_win.cc(469)] failed to stat report
[0730/225039.893:ERROR:crash_report_database_win.cc(469)] failed to stat report
[0730/225039.893:ERROR:crash_report_database_win.cc(469)] failed to stat report
[0731/121207.378:ERROR:crash_report_database_win.cc(469)] failed to stat report
[0731/121207.425:ERROR:crash_report_database_win.cc(469)] failed to stat report
[0731/121207.425:ERROR:crash_report_database_win.cc(469)] failed to stat report
[0731/121207.426:ERROR:crash_report_database_win.cc(469)] failed to stat report
[0731/121207.426:ERROR:crash_report_database_win.cc(469)] failed to stat report
[0731/121207.427:ERROR:crash_report_database_win.cc(469)] failed to stat report
[0731/121207.427:ERROR:crash_report_database_win.cc(469)] failed to stat report
[0731/121207.428:ERROR:crash_report_database_win.cc(469)] failed to stat report
[0731/121207.428:ERROR:crash_report_database_win.cc(469)] failed to stat report
[0731/121207.428:ERROR:crash_report_database_win.cc(469)] failed to stat report
[0731/121207.429:ERROR:crash_report_database_win.cc(469)] failed to stat report
[0731/121207.429:ERROR:crash_report_database_win.cc(469)] failed to stat report
[0731/164719.443:ERROR:crash_report_database_win.cc(469)] failed to stat report
[0731/164719.458:ERROR:crash_report_database_win.cc(469)] failed to stat report
[0731/164719.459:ERROR:crash_report_database_win.cc(469)] failed to stat report
[0731/164719.459:ERROR:crash_report_database_win.cc(469)] failed to stat report
[0731/164719.459:ERROR:crash_report_database_win.cc(469)] failed to stat report
[0731/164719.460:ERROR:crash_report_database_win.cc(469)] failed to stat report
[0731/164719.460:ERROR:crash_report_database_win.cc(469)] failed to stat report
[0731/164719.460:ERROR:crash_report_database_win.cc(469)] failed to stat report
[0731/164719.461:ERROR:crash_report_database_win.cc(469)] failed to stat report
[0731/164719.461:ERROR:crash_report_database_win.cc(469)] failed to stat report
[0731/164719.462:ERROR:crash_report_database_win.cc(469)] failed to stat report
[0731/164719.462:ERROR:crash_report_database_win.cc(469)] failed to stat report
[0731/165721.851:ERROR:crash_report_database_win.cc(469)] failed to stat report
[0731/165721.851:ERROR:crash_report_database_win.cc(469)] failed to stat report
[0731/165721.852:ERROR:crash_report_database_win.cc(469)] failed to stat report
[0731/165721.852:ERROR:crash_report_database_win.cc(469)] failed to stat report
[0731/165721.852:ERROR:crash_report_database_win.cc(469)] failed to stat report
[0731/165721.853:ERROR:crash_report_database_win.cc(469)] failed to stat report
[0731/165721.853:ERROR:crash_report_database_win.cc(469)] failed to stat report
[0731/165721.853:ERROR:crash_report_database_win.cc(469)] failed to stat report
[0731/165721.854:ERROR:crash_report_database_win.cc(469)] failed to stat report
[0731/165721.854:ERROR:crash_report_database_win.cc(469)] failed to stat report
[0731/165721.855:ERROR:crash_report_database_win.cc(469)] failed to stat report
[0731/165721.855:ERROR:crash_report_database_win.cc(469)] failed to stat report
[0731/165721.856:ERROR:crash_report_database_win.cc(469)] failed to stat report
[0731/165721.856:ERROR:crash_report_database_win.cc(469)] failed to stat report
[0731/165721.856:ERROR:crash_report_database_win.cc(469)] failed to stat report
[0731/165721.857:ERROR:crash_report_database_win.cc(469)] failed to stat report
[0731/165721.857:ERROR:crash_report_database_win.cc(469)] failed to stat report
[0731/165721.858:ERROR:crash_report_database_win.cc(469)] failed to stat report
[0731/165721.858:ERROR:crash_report_database_win.cc(469)] failed to stat report
[0731/165721.858:ERROR:crash_report_database_win.cc(469)] failed to stat report
[0731/165721.859:ERROR:crash_report_database_win.cc(469)] failed to stat report
[0731/165721.859:ERROR:crash_report_database_win.cc(469)] failed to stat report
[0731/165721.859:ERROR:crash_report_database_win.cc(469)] failed to stat report
[0731/165721.860:ERROR:crash_report_database_win.cc(469)] failed to stat report
[0731/170224.720:ERROR:crash_report_database_win.cc(469)] failed to stat report
[0731/170224.720:ERROR:crash_report_database_win.cc(469)] failed to stat report
[0731/170224.721:ERROR:crash_report_database_win.cc(469)] failed to stat report
[0731/170224.721:ERROR:crash_report_database_win.cc(469)] failed to stat report
[0731/170224.721:ERROR:crash_report_database_win.cc(469)] failed to stat report
[0731/170224.722:ERROR:crash_report_database_win.cc(469)] failed to stat report
[0731/170224.722:ERROR:crash_report_database_win.cc(469)] failed to stat report
[0731/170224.722:ERROR:crash_report_database_win.cc(469)] failed to stat report
[0731/170224.723:ERROR:crash_report_database_win.cc(469)] failed to stat report
[0731/170224.723:ERROR:crash_report_database_win.cc(469)] failed to stat report
[0731/170224.723:ERROR:crash_report_database_win.cc(469)] failed to stat report
[0731/170224.724:ERROR:crash_report_database_win.cc(469)] failed to stat report
[0731/171207.831:ERROR:crash_report_database_win.cc(469)] failed to stat report
[0731/171207.833:ERROR:crash_report_database_win.cc(469)] failed to stat report
[0731/171207.833:ERROR:crash_report_database_win.cc(469)] failed to stat report
[0731/171207.834:ERROR:crash_report_database_win.cc(469)] failed to stat report
[0731/171207.834:ERROR:crash_report_database_win.cc(469)] failed to stat report
[0731/171207.835:ERROR:crash_report_database_win.cc(469)] failed to stat report
[0731/171207.835:ERROR:crash_report_database_win.cc(469)] failed to stat report
[0731/171207.836:ERROR:crash_report_database_win.cc(469)] failed to stat report
[0731/171207.836:ERROR:crash_report_database_win.cc(469)] failed to stat report
[0731/171207.837:ERROR:crash_report_database_win.cc(469)] failed to stat report
[0731/171207.837:ERROR:crash_report_database_win.cc(469)] failed to stat report
[0731/171207.838:ERROR:crash_report_database_win.cc(469)] failed to stat report
[0731/221439.971:ERROR:crash_report_database_win.cc(469)] failed to stat report
[0731/221439.973:ERROR:crash_report_database_win.cc(469)] failed to stat report
[0731/221439.974:ERROR:crash_report_database_win.cc(469)] failed to stat report
[0731/221439.974:ERROR:crash_report_database_win.cc(469)] failed to stat report
[0731/221439.975:ERROR:crash_report_database_win.cc(469)] failed to stat report
[0731/221439.975:ERROR:crash_report_database_win.cc(469)] failed to stat report
[0731/221439.976:ERROR:crash_report_database_win.cc(469)] failed to stat report
[0731/221439.976:ERROR:crash_report_database_win.cc(469)] failed to stat report
[0731/221439.977:ERROR:crash_report_database_win.cc(469)] failed to stat report
[0731/221439.977:ERROR:crash_report_database_win.cc(469)] failed to stat report
[0731/221439.978:ERROR:crash_report_database_win.cc(469)] failed to stat report
[0731/221439.978:ERROR:crash_report_database_win.cc(469)] failed to stat report
[0731/222439.971:ERROR:crash_report_database_win.cc(469)] failed to stat report
[0731/222439.971:ERROR:crash_report_database_win.cc(469)] failed to stat report
[0731/222439.972:ERROR:crash_report_database_win.cc(469)] failed to stat report
[0731/222439.972:ERROR:crash_report_database_win.cc(469)] failed to stat report
[0731/222439.973:ERROR:crash_report_database_win.cc(469)] failed to stat report
[0731/222439.973:ERROR:crash_report_database_win.cc(469)] failed to stat report
[0731/222439.974:ERROR:crash_report_database_win.cc(469)] failed to stat report
[0731/222439.974:ERROR:crash_report_database_win.cc(469)] failed to stat report
[0731/222439.975:ERROR:crash_report_database_win.cc(469)] failed to stat report
[0731/222439.975:ERROR:crash_report_database_win.cc(469)] failed to stat report
[0731/222439.975:ERROR:crash_report_database_win.cc(469)] failed to stat report
[0731/222439.976:ERROR:crash_report_database_win.cc(469)] failed to stat report
[0731/222439.977:ERROR:crash_report_database_win.cc(469)] failed to stat report
[0731/222439.977:ERROR:crash_report_database_win.cc(469)] failed to stat report
[0731/222439.978:ERROR:crash_report_database_win.cc(469)] failed to stat report
[0731/222439.978:ERROR:crash_report_database_win.cc(469)] failed to stat report
[0731/222439.979:ERROR:crash_report_database_win.cc(469)] failed to stat report
[0731/222439.979:ERROR:crash_report_database_win.cc(469)] failed to stat report
[0731/222439.980:ERROR:crash_report_database_win.cc(469)] failed to stat report
[0731/222439.980:ERROR:crash_report_database_win.cc(469)] failed to stat report
[0731/222439.980:ERROR:crash_report_database_win.cc(469)] failed to stat report
[0731/222439.981:ERROR:crash_report_database_win.cc(469)] failed to stat report
[0731/222439.981:ERROR:crash_report_database_win.cc(469)] failed to stat report
[0731/222439.982:ERROR:crash_report_database_win.cc(469)] failed to stat report
[0731/222939.979:ERROR:crash_report_database_win.cc(469)] failed to stat report
[0731/222939.979:ERROR:crash_report_database_win.cc(469)] failed to stat report
[0731/222939.980:ERROR:crash_report_database_win.cc(469)] failed to stat report
[0731/222939.980:ERROR:crash_report_database_win.cc(469)] failed to stat report
[0731/222939.980:ERROR:crash_report_database_win.cc(469)] failed to stat report
[0731/222939.981:ERROR:crash_report_database_win.cc(469)] failed to stat report
[0731/222939.981:ERROR:crash_report_database_win.cc(469)] failed to stat report
[0731/222939.981:ERROR:crash_report_database_win.cc(469)] failed to stat report
[0731/222939.982:ERROR:crash_report_database_win.cc(469)] failed to stat report
[0731/222939.982:ERROR:crash_report_database_win.cc(469)] failed to stat report
[0731/222939.983:ERROR:crash_report_database_win.cc(469)] failed to stat report
[0731/222939.983:ERROR:crash_report_database_win.cc(469)] failed to stat report
[0731/224329.137:ERROR:crash_report_database_win.cc(469)] failed to stat report
[0731/224329.138:ERROR:crash_report_database_win.cc(469)] failed to stat report
[0731/224329.139:ERROR:crash_report_database_win.cc(469)] failed to stat report
[0731/224329.139:ERROR:crash_report_database_win.cc(469)] failed to stat report
[0731/224329.140:ERROR:crash_report_database_win.cc(469)] failed to stat report
[0731/224329.140:ERROR:crash_report_database_win.cc(469)] failed to stat report
[0731/224329.141:ERROR:crash_report_database_win.cc(469)] failed to stat report
[0731/224329.141:ERROR:crash_report_database_win.cc(469)] failed to stat report
[0731/224329.142:ERROR:crash_report_database_win.cc(469)] failed to stat report
[0731/224329.142:ERROR:crash_report_database_win.cc(469)] failed to stat report
[0731/224329.143:ERROR:crash_report_database_win.cc(469)] failed to stat report
[0731/224329.143:ERROR:crash_report_database_win.cc(469)] failed to stat report
[0731/224351.590:ERROR:crash_report_database_win.cc(469)] failed to stat report
[0731/224351.591:ERROR:crash_report_database_win.cc(469)] failed to stat report
[0731/224351.592:ERROR:crash_report_database_win.cc(469)] failed to stat report
[0731/224351.592:ERROR:crash_report_database_win.cc(469)] failed to stat report
[0731/224351.593:ERROR:crash_report_database_win.cc(469)] failed to stat report
[0731/224351.594:ERROR:crash_report_database_win.cc(469)] failed to stat report
[0731/224351.594:ERROR:crash_report_database_win.cc(469)] failed to stat report
[0731/224351.595:ERROR:crash_report_database_win.cc(469)] failed to stat report
[0731/224351.595:ERROR:crash_report_database_win.cc(469)] failed to stat report
[0731/224351.596:ERROR:crash_report_database_win.cc(469)] failed to stat report
[0731/224351.597:ERROR:crash_report_database_win.cc(469)] failed to stat report
[0731/224351.597:ERROR:crash_report_database_win.cc(469)] failed to stat report
[0801/162937.162:ERROR:crash_report_database_win.cc(469)] failed to stat report
[0801/162937.178:ERROR:crash_report_database_win.cc(469)] failed to stat report
[0801/162937.178:ERROR:crash_report_database_win.cc(469)] failed to stat report
[0801/162937.193:ERROR:crash_report_database_win.cc(469)] failed to stat report
[0801/162937.193:ERROR:crash_report_database_win.cc(469)] failed to stat report
[0801/162937.193:ERROR:crash_report_database_win.cc(469)] failed to stat report
[0801/162937.193:ERROR:crash_report_database_win.cc(469)] failed to stat report
[0801/162937.193:ERROR:crash_report_database_win.cc(469)] failed to stat report
[0801/162937.193:ERROR:crash_report_database_win.cc(469)] failed to stat report
[0801/162937.193:ERROR:crash_report_database_win.cc(469)] failed to stat report
[0801/162937.193:ERROR:crash_report_database_win.cc(469)] failed to stat report
[0801/162937.193:ERROR:crash_report_database_win.cc(469)] failed to stat report
[0801/163937.164:ERROR:crash_report_database_win.cc(469)] failed to stat report
[0801/163937.164:ERROR:crash_report_database_win.cc(469)] failed to stat report
[0801/163937.170:ERROR:crash_report_database_win.cc(469)] failed to stat report
[0801/163937.170:ERROR:crash_report_database_win.cc(469)] failed to stat report
[0801/163937.170:ERROR:crash_report_database_win.cc(469)] failed to stat report
[0801/163937.170:ERROR:crash_report_database_win.cc(469)] failed to stat report
[0801/163937.170:ERROR:crash_report_database_win.cc(469)] failed to stat report
[0801/163937.170:ERROR:crash_report_database_win.cc(469)] failed to stat report
[0801/163937.170:ERROR:crash_report_database_win.cc(469)] failed to stat report
[0801/163937.170:ERROR:crash_report_database_win.cc(469)] failed to stat report
[0801/163937.170:ERROR:crash_report_database_win.cc(469)] failed to stat report
[0801/163937.170:ERROR:crash_report_database_win.cc(469)] failed to stat report
[0801/163937.186:ERROR:crash_report_database_win.cc(469)] failed to stat report
[0801/163937.186:ERROR:crash_report_database_win.cc(469)] failed to stat report
[0801/163937.186:ERROR:crash_report_database_win.cc(469)] failed to stat report
[0801/163937.186:ERROR:crash_report_database_win.cc(469)] failed to stat report
[0801/163937.186:ERROR:crash_report_database_win.cc(469)] failed to stat report
[0801/163937.186:ERROR:crash_report_database_win.cc(469)] failed to stat report
[0801/163937.186:ERROR:crash_report_database_win.cc(469)] failed to stat report
[0801/163937.186:ERROR:crash_report_database_win.cc(469)] failed to stat report
[0801/163937.186:ERROR:crash_report_database_win.cc(469)] failed to stat report
[0801/163937.186:ERROR:crash_report_database_win.cc(469)] failed to stat report
[0801/163937.186:ERROR:crash_report_database_win.cc(469)] failed to stat report
[0801/163937.202:ERROR:crash_report_database_win.cc(469)] failed to stat report
[0801/164437.198:ERROR:crash_report_database_win.cc(469)] failed to stat report
[0801/164437.198:ERROR:crash_report_database_win.cc(469)] failed to stat report
[0801/164437.198:ERROR:crash_report_database_win.cc(469)] failed to stat report
[0801/164437.198:ERROR:crash_report_database_win.cc(469)] failed to stat report
[0801/164437.198:ERROR:crash_report_database_win.cc(469)] failed to stat report
[0801/164437.198:ERROR:crash_report_database_win.cc(469)] failed to stat report
[0801/164437.214:ERROR:crash_report_database_win.cc(469)] failed to stat report
[0801/164437.214:ERROR:crash_report_database_win.cc(469)] failed to stat report
[0801/164437.214:ERROR:crash_report_database_win.cc(469)] failed to stat report
[0801/164437.214:ERROR:crash_report_database_win.cc(469)] failed to stat report
[0801/164437.214:ERROR:crash_report_database_win.cc(469)] failed to stat report
[0801/164437.214:ERROR:crash_report_database_win.cc(469)] failed to stat report
[0801/165937.223:ERROR:crash_report_database_win.cc(469)] failed to stat report
[0801/165937.223:ERROR:crash_report_database_win.cc(469)] failed to stat report
[0801/165937.223:ERROR:crash_report_database_win.cc(469)] failed to stat report
[0801/165937.223:ERROR:crash_report_database_win.cc(469)] failed to stat report
[0801/165937.223:ERROR:crash_report_database_win.cc(469)] failed to stat report
[0801/165937.223:ERROR:crash_report_database_win.cc(469)] failed to stat report
[0801/165937.223:ERROR:crash_report_database_win.cc(469)] failed to stat report
[0801/165937.223:ERROR:crash_report_database_win.cc(469)] failed to stat report
[0801/165937.223:ERROR:crash_report_database_win.cc(469)] failed to stat report
[0801/165937.223:ERROR:crash_report_database_win.cc(469)] failed to stat report
[0801/165937.223:ERROR:crash_report_database_win.cc(469)] failed to stat report
[0801/165937.223:ERROR:crash_report_database_win.cc(469)] failed to stat report
[0801/171437.253:ERROR:crash_report_database_win.cc(469)] failed to stat report
[0801/171437.268:ERROR:crash_report_database_win.cc(469)] failed to stat report
[0801/171437.268:ERROR:crash_report_database_win.cc(469)] failed to stat report
[0801/171437.268:ERROR:crash_report_database_win.cc(469)] failed to stat report
[0801/171437.268:ERROR:crash_report_database_win.cc(469)] failed to stat report
[0801/171437.268:ERROR:crash_report_database_win.cc(469)] failed to stat report
[0801/171437.268:ERROR:crash_report_database_win.cc(469)] failed to stat report
[0801/171437.268:ERROR:crash_report_database_win.cc(469)] failed to stat report
[0801/171437.268:ERROR:crash_report_database_win.cc(469)] failed to stat report
[0801/171437.284:ERROR:crash_report_database_win.cc(469)] failed to stat report
[0801/171437.284:ERROR:crash_report_database_win.cc(469)] failed to stat report
[0801/171437.284:ERROR:crash_report_database_win.cc(469)] failed to stat report
[0801/172937.294:ERROR:crash_report_database_win.cc(469)] failed to stat report
[0801/172937.294:ERROR:crash_report_database_win.cc(469)] failed to stat report
[0801/172937.294:ERROR:crash_report_database_win.cc(469)] failed to stat report
[0801/172937.294:ERROR:crash_report_database_win.cc(469)] failed to stat report
[0801/172937.294:ERROR:crash_report_database_win.cc(469)] failed to stat report
[0801/172937.294:ERROR:crash_report_database_win.cc(469)] failed to stat report
[0801/172937.294:ERROR:crash_report_database_win.cc(469)] failed to stat report
[0801/172937.294:ERROR:crash_report_database_win.cc(469)] failed to stat report
[0801/172937.294:ERROR:crash_report_database_win.cc(469)] failed to stat report
[0801/172937.310:ERROR:crash_report_database_win.cc(469)] failed to stat report
[0801/172937.310:ERROR:crash_report_database_win.cc(469)] failed to stat report
[0801/172937.310:ERROR:crash_report_database_win.cc(469)] failed to stat report
[0801/174438.889:ERROR:crash_report_database_win.cc(469)] failed to stat report
[0801/174438.889:ERROR:crash_report_database_win.cc(469)] failed to stat report
[0801/174438.889:ERROR:crash_report_database_win.cc(469)] failed to stat report
[0801/174438.889:ERROR:crash_report_database_win.cc(469)] failed to stat report
[0801/174438.889:ERROR:crash_report_database_win.cc(469)] failed to stat report
[0801/174438.889:ERROR:crash_report_database_win.cc(469)] failed to stat report
[0801/174438.889:ERROR:crash_report_database_win.cc(469)] failed to stat report
[0801/174438.889:ERROR:crash_report_database_win.cc(469)] failed to stat report
[0801/174438.904:ERROR:crash_report_database_win.cc(469)] failed to stat report
[0801/174438.904:ERROR:crash_report_database_win.cc(469)] failed to stat report
[0801/174438.904:ERROR:crash_report_database_win.cc(469)] failed to stat report
[0801/174438.904:ERROR:crash_report_database_win.cc(469)] failed to stat report
[0801/175912.549:ERROR:crash_report_database_win.cc(469)] failed to stat report
[0801/175912.565:ERROR:crash_report_database_win.cc(469)] failed to stat report
[0801/175912.565:ERROR:crash_report_database_win.cc(469)] failed to stat report
[0801/175912.565:ERROR:crash_report_database_win.cc(469)] failed to stat report
[0801/175912.565:ERROR:crash_report_database_win.cc(469)] failed to stat report
[0801/175912.565:ERROR:crash_report_database_win.cc(469)] failed to stat report
[0801/175912.565:ERROR:crash_report_database_win.cc(469)] failed to stat report
[0801/175912.565:ERROR:crash_report_database_win.cc(469)] failed to stat report
[0801/175912.565:ERROR:crash_report_database_win.cc(469)] failed to stat report
[0801/175912.565:ERROR:crash_report_database_win.cc(469)] failed to stat report
[0801/175912.565:ERROR:crash_report_database_win.cc(469)] failed to stat report
[0801/175912.565:ERROR:crash_report_database_win.cc(469)] failed to stat report
[0801/180629.983:ERROR:crash_report_database_win.cc(469)] failed to stat report
[0801/180629.983:ERROR:crash_report_database_win.cc(469)] failed to stat report
[0801/180629.983:ERROR:crash_report_database_win.cc(469)] failed to stat report
[0801/180629.983:ERROR:crash_report_database_win.cc(469)] failed to stat report
[0801/180629.983:ERROR:crash_report_database_win.cc(469)] failed to stat report
[0801/180629.983:ERROR:crash_report_database_win.cc(469)] failed to stat report
[0801/180629.983:ERROR:crash_report_database_win.cc(469)] failed to stat report
[0801/180629.983:ERROR:crash_report_database_win.cc(469)] failed to stat report
[0801/180629.983:ERROR:crash_report_database_win.cc(469)] failed to stat report
[0801/180629.983:ERROR:crash_report_database_win.cc(469)] failed to stat report
[0801/180629.983:ERROR:crash_report_database_win.cc(469)] failed to stat report
[0801/180629.983:ERROR:crash_report_database_win.cc(469)] failed to stat report
[0801/182357.041:ERROR:crash_report_database_win.cc(469)] failed to stat report
[0801/182357.041:ERROR:crash_report_database_win.cc(469)] failed to stat report
[0801/182357.041:ERROR:crash_report_database_win.cc(469)] failed to stat report
[0801/182357.041:ERROR:crash_report_database_win.cc(469)] failed to stat report
[0801/182357.041:ERROR:crash_report_database_win.cc(469)] failed to stat report
[0801/182357.041:ERROR:crash_report_database_win.cc(469)] failed to stat report
[0801/182357.041:ERROR:crash_report_database_win.cc(469)] failed to stat report
[0801/182357.041:ERROR:crash_report_database_win.cc(469)] failed to stat report
[0801/182357.056:ERROR:crash_report_database_win.cc(469)] failed to stat report
[0801/182357.056:ERROR:crash_report_database_win.cc(469)] failed to stat report
[0801/182357.056:ERROR:crash_report_database_win.cc(469)] failed to stat report
[0801/182357.056:ERROR:crash_report_database_win.cc(469)] failed to stat report
[0801/210137.096:ERROR:crash_report_database_win.cc(469)] failed to stat report
[0801/210137.096:ERROR:crash_report_database_win.cc(469)] failed to stat report
[0801/210137.096:ERROR:crash_report_database_win.cc(469)] failed to stat report
[0801/210137.096:ERROR:crash_report_database_win.cc(469)] failed to stat report
[0801/210137.096:ERROR:crash_report_database_win.cc(469)] failed to stat report
[0801/210137.103:ERROR:crash_report_database_win.cc(469)] failed to stat report
[0801/210137.103:ERROR:crash_report_database_win.cc(469)] failed to stat report
[0801/210137.103:ERROR:crash_report_database_win.cc(469)] failed to stat report
[0801/210137.103:ERROR:crash_report_database_win.cc(469)] failed to stat report
[0801/210137.103:ERROR:crash_report_database_win.cc(469)] failed to stat report
[0801/210137.103:ERROR:crash_report_database_win.cc(469)] failed to stat report
[0801/210137.103:ERROR:crash_report_database_win.cc(469)] failed to stat report
[0801/210205.921:ERROR:crash_report_database_win.cc(469)] failed to stat report
[0801/210205.921:ERROR:crash_report_database_win.cc(469)] failed to stat report
[0801/210205.936:ERROR:crash_report_database_win.cc(469)] failed to stat report
[0801/210205.936:ERROR:crash_report_database_win.cc(469)] failed to stat report
[0801/210205.936:ERROR:crash_report_database_win.cc(469)] failed to stat report
[0801/210205.936:ERROR:crash_report_database_win.cc(469)] failed to stat report
[0801/210205.936:ERROR:crash_report_database_win.cc(469)] failed to stat report
[0801/210205.936:ERROR:crash_report_database_win.cc(469)] failed to stat report
[0801/210205.936:ERROR:crash_report_database_win.cc(469)] failed to stat report
[0801/210205.936:ERROR:crash_report_database_win.cc(469)] failed to stat report
[0801/210205.936:ERROR:crash_report_database_win.cc(469)] failed to stat report
[0801/210205.936:ERROR:crash_report_database_win.cc(469)] failed to stat report
[0801/211205.925:ERROR:crash_report_database_win.cc(469)] failed to stat report
[0801/211205.925:ERROR:crash_report_database_win.cc(469)] failed to stat report
[0801/211205.925:ERROR:crash_report_database_win.cc(469)] failed to stat report
[0801/211205.925:ERROR:crash_report_database_win.cc(469)] failed to stat report
[0801/211205.925:ERROR:crash_report_database_win.cc(469)] failed to stat report
[0801/211205.925:ERROR:crash_report_database_win.cc(469)] failed to stat report
[0801/211205.925:ERROR:crash_report_database_win.cc(469)] failed to stat report
[0801/211205.925:ERROR:crash_report_database_win.cc(469)] failed to stat report
[0801/211205.941:ERROR:crash_report_database_win.cc(469)] failed to stat report
[0801/211205.941:ERROR:crash_report_database_win.cc(469)] failed to stat report
[0801/211205.941:ERROR:crash_report_database_win.cc(469)] failed to stat report
[0801/211205.941:ERROR:crash_report_database_win.cc(469)] failed to stat report
[0801/211205.941:ERROR:crash_report_database_win.cc(469)] failed to stat report
[0801/211205.941:ERROR:crash_report_database_win.cc(469)] failed to stat report
[0801/211205.941:ERROR:crash_report_database_win.cc(469)] failed to stat report
[0801/211205.941:ERROR:crash_report_database_win.cc(469)] failed to stat report
[0801/211205.941:ERROR:crash_report_database_win.cc(469)] failed to stat report
[0801/211205.956:ERROR:crash_report_database_win.cc(469)] failed to stat report
[0801/211205.956:ERROR:crash_report_database_win.cc(469)] failed to stat report
[0801/211205.956:ERROR:crash_report_database_win.cc(469)] failed to stat report
[0801/211205.956:ERROR:crash_report_database_win.cc(469)] failed to stat report
[0801/211205.956:ERROR:crash_report_database_win.cc(469)] failed to stat report
[0801/211205.956:ERROR:crash_report_database_win.cc(469)] failed to stat report
[0801/211205.956:ERROR:crash_report_database_win.cc(469)] failed to stat report
[0801/211705.949:ERROR:crash_report_database_win.cc(469)] failed to stat report
[0801/211705.955:ERROR:crash_report_database_win.cc(469)] failed to stat report
[0801/211705.955:ERROR:crash_report_database_win.cc(469)] failed to stat report
[0801/211705.955:ERROR:crash_report_database_win.cc(469)] failed to stat report
[0801/211705.955:ERROR:crash_report_database_win.cc(469)] failed to stat report
[0801/211705.955:ERROR:crash_report_database_win.cc(469)] failed to stat report
[0801/211705.955:ERROR:crash_report_database_win.cc(469)] failed to stat report
[0801/211705.955:ERROR:crash_report_database_win.cc(469)] failed to stat report
[0801/211705.955:ERROR:crash_report_database_win.cc(469)] failed to stat report
[0801/211705.971:ERROR:crash_report_database_win.cc(469)] failed to stat report
[0801/211705.971:ERROR:crash_report_database_win.cc(469)] failed to stat report
[0801/211705.971:ERROR:crash_report_database_win.cc(469)] failed to stat report
[0801/213208.483:ERROR:crash_report_database_win.cc(469)] failed to stat report
[0801/213208.484:ERROR:crash_report_database_win.cc(469)] failed to stat report
[0801/213208.486:ERROR:crash_report_database_win.cc(469)] failed to stat report
[0801/213208.487:ERROR:crash_report_database_win.cc(469)] failed to stat report
[0801/213208.489:ERROR:crash_report_database_win.cc(469)] failed to stat report
[0801/213208.490:ERROR:crash_report_database_win.cc(469)] failed to stat report
[0801/213208.492:ERROR:crash_report_database_win.cc(469)] failed to stat report
[0801/213208.493:ERROR:crash_report_database_win.cc(469)] failed to stat report
[0801/213208.495:ERROR:crash_report_database_win.cc(469)] failed to stat report
[0801/213208.496:ERROR:crash_report_database_win.cc(469)] failed to stat report
[0801/213208.498:ERROR:crash_report_database_win.cc(469)] failed to stat report
[0801/213208.499:ERROR:crash_report_database_win.cc(469)] failed to stat report
[0801/214708.500:ERROR:crash_report_database_win.cc(469)] failed to stat report
[0801/214708.501:ERROR:crash_report_database_win.cc(469)] failed to stat report
[0801/214708.501:ERROR:crash_report_database_win.cc(469)] failed to stat report
[0801/214708.501:ERROR:crash_report_database_win.cc(469)] failed to stat report
[0801/214708.502:ERROR:crash_report_database_win.cc(469)] failed to stat report
[0801/214708.502:ERROR:crash_report_database_win.cc(469)] failed to stat report
[0801/214708.503:ERROR:crash_report_database_win.cc(469)] failed to stat report
[0801/214708.503:ERROR:crash_report_database_win.cc(469)] failed to stat report
[0801/214708.503:ERROR:crash_report_database_win.cc(469)] failed to stat report
[0801/214708.505:ERROR:crash_report_database_win.cc(469)] failed to stat report
[0801/214708.505:ERROR:crash_report_database_win.cc(469)] failed to stat report
[0801/214708.506:ERROR:crash_report_database_win.cc(469)] failed to stat report
[0801/215910.862:ERROR:crash_report_database_win.cc(469)] failed to stat report
[0801/215910.864:ERROR:crash_report_database_win.cc(469)] failed to stat report
[0801/215910.864:ERROR:crash_report_database_win.cc(469)] failed to stat report
[0801/215910.865:ERROR:crash_report_database_win.cc(469)] failed to stat report
[0801/215910.865:ERROR:crash_report_database_win.cc(469)] failed to stat report
[0801/215910.865:ERROR:crash_report_database_win.cc(469)] failed to stat report
[0801/215910.866:ERROR:crash_report_database_win.cc(469)] failed to stat report
[0801/215910.866:ERROR:crash_report_database_win.cc(469)] failed to stat report
[0801/215910.867:ERROR:crash_report_database_win.cc(469)] failed to stat report
[0801/215910.867:ERROR:crash_report_database_win.cc(469)] failed to stat report
[0801/215910.868:ERROR:crash_report_database_win.cc(469)] failed to stat report
[0801/215910.868:ERROR:crash_report_database_win.cc(469)] failed to stat report
[0801/220914.073:ERROR:crash_report_database_win.cc(469)] failed to stat report
[0801/220914.074:ERROR:crash_report_database_win.cc(469)] failed to stat report
[0801/220914.076:ERROR:crash_report_database_win.cc(469)] failed to stat report
[0801/220914.077:ERROR:crash_report_database_win.cc(469)] failed to stat report
[0801/220914.079:ERROR:crash_report_database_win.cc(469)] failed to stat report
[0801/220914.080:ERROR:crash_report_database_win.cc(469)] failed to stat report
[0801/220914.081:ERROR:crash_report_database_win.cc(469)] failed to stat report
[0801/220914.083:ERROR:crash_report_database_win.cc(469)] failed to stat report
[0801/220914.084:ERROR:crash_report_database_win.cc(469)] failed to stat report
[0801/220914.086:ERROR:crash_report_database_win.cc(469)] failed to stat report
[0801/220914.088:ERROR:crash_report_database_win.cc(469)] failed to stat report
[0801/220914.089:ERROR:crash_report_database_win.cc(469)] failed to stat report
[0801/220914.092:ERROR:crash_report_database_win.cc(469)] failed to stat report
[0801/220914.093:ERROR:crash_report_database_win.cc(469)] failed to stat report
[0801/220914.094:ERROR:crash_report_database_win.cc(469)] failed to stat report
[0801/220914.095:ERROR:crash_report_database_win.cc(469)] failed to stat report
[0801/220914.095:ERROR:crash_report_database_win.cc(469)] failed to stat report
[0801/220914.096:ERROR:crash_report_database_win.cc(469)] failed to stat report
[0801/220914.097:ERROR:crash_report_database_win.cc(469)] failed to stat report
[0801/220914.098:ERROR:crash_report_database_win.cc(469)] failed to stat report
[0801/220914.099:ERROR:crash_report_database_win.cc(469)] failed to stat report
[0801/220914.100:ERROR:crash_report_database_win.cc(469)] failed to stat report
[0801/220914.101:ERROR:crash_report_database_win.cc(469)] failed to stat report
[0801/220914.101:ERROR:crash_report_database_win.cc(469)] failed to stat report
[0801/221414.079:ERROR:crash_report_database_win.cc(469)] failed to stat report
[0801/221414.081:ERROR:crash_report_database_win.cc(469)] failed to stat report
[0801/221414.083:ERROR:crash_report_database_win.cc(469)] failed to stat report
[0801/221414.084:ERROR:crash_report_database_win.cc(469)] failed to stat report
[0801/221414.086:ERROR:crash_report_database_win.cc(469)] failed to stat report
[0801/221414.087:ERROR:crash_report_database_win.cc(469)] failed to stat report
[0801/221414.088:ERROR:crash_report_database_win.cc(469)] failed to stat report
[0801/221414.090:ERROR:crash_report_database_win.cc(469)] failed to stat report
[0801/221414.091:ERROR:crash_report_database_win.cc(469)] failed to stat report
[0801/221414.093:ERROR:crash_report_database_win.cc(469)] failed to stat report
[0801/221414.094:ERROR:crash_report_database_win.cc(469)] failed to stat report
[0801/221414.096:ERROR:crash_report_database_win.cc(469)] failed to stat report
[0801/222914.100:ERROR:crash_report_database_win.cc(469)] failed to stat report
[0801/222914.102:ERROR:crash_report_database_win.cc(469)] failed to stat report
[0801/222914.104:ERROR:crash_report_database_win.cc(469)] failed to stat report
[0801/222914.105:ERROR:crash_report_database_win.cc(469)] failed to stat report
[0801/222914.107:ERROR:crash_report_database_win.cc(469)] failed to stat report
[0801/222914.109:ERROR:crash_report_database_win.cc(469)] failed to stat report
[0801/222914.110:ERROR:crash_report_database_win.cc(469)] failed to stat report
[0801/222914.111:ERROR:crash_report_database_win.cc(469)] failed to stat report
[0801/222914.113:ERROR:crash_report_database_win.cc(469)] failed to stat report
[0801/222914.114:ERROR:crash_report_database_win.cc(469)] failed to stat report
[0801/222914.116:ERROR:crash_report_database_win.cc(469)] failed to stat report
[0801/222914.117:ERROR:crash_report_database_win.cc(469)] failed to stat report
[0801/224414.120:ERROR:crash_report_database_win.cc(469)] failed to stat report
[0801/224414.122:ERROR:crash_report_database_win.cc(469)] failed to stat report
[0801/224414.123:ERROR:crash_report_database_win.cc(469)] failed to stat report
[0801/224414.125:ERROR:crash_report_database_win.cc(469)] failed to stat report
[0801/224414.126:ERROR:crash_report_database_win.cc(469)] failed to stat report
[0801/224414.128:ERROR:crash_report_database_win.cc(469)] failed to stat report
[0801/224414.129:ERROR:crash_report_database_win.cc(469)] failed to stat report
[0801/224414.131:ERROR:crash_report_database_win.cc(469)] failed to stat report
[0801/224414.132:ERROR:crash_report_database_win.cc(469)] failed to stat report
[0801/224414.134:ERROR:crash_report_database_win.cc(469)] failed to stat report
[0801/224414.135:ERROR:crash_report_database_win.cc(469)] failed to stat report
[0801/224414.137:ERROR:crash_report_database_win.cc(469)] failed to stat report
[0801/225914.140:ERROR:crash_report_database_win.cc(469)] failed to stat report
[0801/225914.141:ERROR:crash_report_database_win.cc(469)] failed to stat report
[0801/225914.141:ERROR:crash_report_database_win.cc(469)] failed to stat report
[0801/225914.142:ERROR:crash_report_database_win.cc(469)] failed to stat report
[0801/225914.142:ERROR:crash_report_database_win.cc(469)] failed to stat report
[0801/225914.143:ERROR:crash_report_database_win.cc(469)] failed to stat report
[0801/225914.143:ERROR:crash_report_database_win.cc(469)] failed to stat report
[0801/225914.143:ERROR:crash_report_database_win.cc(469)] failed to stat report
[0801/225914.144:ERROR:crash_report_database_win.cc(469)] failed to stat report
[0801/225914.144:ERROR:crash_report_database_win.cc(469)] failed to stat report
[0801/225914.145:ERROR:crash_report_database_win.cc(469)] failed to stat report
[0801/225914.145:ERROR:crash_report_database_win.cc(469)] failed to stat report
[0801/231414.149:ERROR:crash_report_database_win.cc(469)] failed to stat report
[0801/231414.150:ERROR:crash_report_database_win.cc(469)] failed to stat report
[0801/231414.152:ERROR:crash_report_database_win.cc(469)] failed to stat report
[0801/231414.153:ERROR:crash_report_database_win.cc(469)] failed to stat report
[0801/231414.155:ERROR:crash_report_database_win.cc(469)] failed to stat report
[0801/231414.157:ERROR:crash_report_database_win.cc(469)] failed to stat report
[0801/231414.158:ERROR:crash_report_database_win.cc(469)] failed to stat report
[0801/231414.160:ERROR:crash_report_database_win.cc(469)] failed to stat report
[0801/231414.161:ERROR:crash_report_database_win.cc(469)] failed to stat report
[0801/231414.163:ERROR:crash_report_database_win.cc(469)] failed to stat report
[0801/231414.164:ERROR:crash_report_database_win.cc(469)] failed to stat report
[0801/231414.166:ERROR:crash_report_database_win.cc(469)] failed to stat report
[0802/104659.608:ERROR:crash_report_database_win.cc(469)] failed to stat report
[0802/104659.639:ERROR:crash_report_database_win.cc(469)] failed to stat report
[0802/104659.639:ERROR:crash_report_database_win.cc(469)] failed to stat report
[0802/104659.639:ERROR:crash_report_database_win.cc(469)] failed to stat report
[0802/104659.639:ERROR:crash_report_database_win.cc(469)] failed to stat report
[0802/104659.639:ERROR:crash_report_database_win.cc(469)] failed to stat report
[0802/104659.639:ERROR:crash_report_database_win.cc(469)] failed to stat report
[0802/104659.639:ERROR:crash_report_database_win.cc(469)] failed to stat report
[0802/104659.639:ERROR:crash_report_database_win.cc(469)] failed to stat report
[0802/104659.639:ERROR:crash_report_database_win.cc(469)] failed to stat report
[0802/104659.639:ERROR:crash_report_database_win.cc(469)] failed to stat report
[0802/104659.639:ERROR:crash_report_database_win.cc(469)] failed to stat report
[0802/105659.621:ERROR:crash_report_database_win.cc(469)] failed to stat report
[0802/105659.621:ERROR:crash_report_database_win.cc(469)] failed to stat report
[0802/105659.621:ERROR:crash_report_database_win.cc(469)] failed to stat report
[0802/105659.621:ERROR:crash_report_database_win.cc(469)] failed to stat report
[0802/105659.621:ERROR:crash_report_database_win.cc(469)] failed to stat report
[0802/105659.621:ERROR:crash_report_database_win.cc(469)] failed to stat report
[0802/105659.621:ERROR:crash_report_database_win.cc(469)] failed to stat report
[0802/105659.621:ERROR:crash_report_database_win.cc(469)] failed to stat report
[0802/105659.621:ERROR:crash_report_database_win.cc(469)] failed to stat report
[0802/105659.621:ERROR:crash_report_database_win.cc(469)] failed to stat report
[0802/105659.621:ERROR:crash_report_database_win.cc(469)] failed to stat report
[0802/105659.621:ERROR:crash_report_database_win.cc(469)] failed to stat report
[0802/105659.621:ERROR:crash_report_database_win.cc(469)] failed to stat report
[0802/105659.621:ERROR:crash_report_database_win.cc(469)] failed to stat report
[0802/105659.621:ERROR:crash_report_database_win.cc(469)] failed to stat report
[0802/105659.621:ERROR:crash_report_database_win.cc(469)] failed to stat report
[0802/105659.621:ERROR:crash_report_database_win.cc(469)] failed to stat report
[0802/105659.621:ERROR:crash_report_database_win.cc(469)] failed to stat report
[0802/105659.621:ERROR:crash_report_database_win.cc(469)] failed to stat report
[0802/105659.621:ERROR:crash_report_database_win.cc(469)] failed to stat report
[0802/105659.621:ERROR:crash_report_database_win.cc(469)] failed to stat report
[0802/105659.621:ERROR:crash_report_database_win.cc(469)] failed to stat report
[0802/105659.621:ERROR:crash_report_database_win.cc(469)] failed to stat report
[0802/105659.621:ERROR:crash_report_database_win.cc(469)] failed to stat report
[0802/110159.643:ERROR:crash_report_database_win.cc(469)] failed to stat report
[0802/110159.643:ERROR:crash_report_database_win.cc(469)] failed to stat report
[0802/110159.643:ERROR:crash_report_database_win.cc(469)] failed to stat report
[0802/110159.643:ERROR:crash_report_database_win.cc(469)] failed to stat report
[0802/110159.643:ERROR:crash_report_database_win.cc(469)] failed to stat report
[0802/110159.643:ERROR:crash_report_database_win.cc(469)] failed to stat report
[0802/110159.643:ERROR:crash_report_database_win.cc(469)] failed to stat report
[0802/110159.643:ERROR:crash_report_database_win.cc(469)] failed to stat report
[0802/110159.643:ERROR:crash_report_database_win.cc(469)] failed to stat report
[0802/110159.643:ERROR:crash_report_database_win.cc(469)] failed to stat report
[0802/110159.643:ERROR:crash_report_database_win.cc(469)] failed to stat report
[0802/110159.643:ERROR:crash_report_database_win.cc(469)] failed to stat report
[0802/111659.654:ERROR:crash_report_database_win.cc(469)] failed to stat report
[0802/111659.654:ERROR:crash_report_database_win.cc(469)] failed to stat report
[0802/111659.654:ERROR:crash_report_database_win.cc(469)] failed to stat report
[0802/111659.654:ERROR:crash_report_database_win.cc(469)] failed to stat report
[0802/111659.654:ERROR:crash_report_database_win.cc(469)] failed to stat report
[0802/111659.654:ERROR:crash_report_database_win.cc(469)] failed to stat report
[0802/111659.654:ERROR:crash_report_database_win.cc(469)] failed to stat report
[0802/111659.654:ERROR:crash_report_database_win.cc(469)] failed to stat report
[0802/111659.669:ERROR:crash_report_database_win.cc(469)] failed to stat report
[0802/111659.669:ERROR:crash_report_database_win.cc(469)] failed to stat report
[0802/111659.669:ERROR:crash_report_database_win.cc(469)] failed to stat report
[0802/111659.669:ERROR:crash_report_database_win.cc(469)] failed to stat report
[0802/113159.682:ERROR:crash_report_database_win.cc(469)] failed to stat report
[0802/113159.682:ERROR:crash_report_database_win.cc(469)] failed to stat report
[0802/113159.682:ERROR:crash_report_database_win.cc(469)] failed to stat report
[0802/113159.682:ERROR:crash_report_database_win.cc(469)] failed to stat report
[0802/113159.682:ERROR:crash_report_database_win.cc(469)] failed to stat report
[0802/113159.682:ERROR:crash_report_database_win.cc(469)] failed to stat report
[0802/113159.682:ERROR:crash_report_database_win.cc(469)] failed to stat report
[0802/113159.682:ERROR:crash_report_database_win.cc(469)] failed to stat report
[0802/113159.682:ERROR:crash_report_database_win.cc(469)] failed to stat report
[0802/113159.682:ERROR:crash_report_database_win.cc(469)] failed to stat report
[0802/113159.682:ERROR:crash_report_database_win.cc(469)] failed to stat report
[0802/113159.682:ERROR:crash_report_database_win.cc(469)] failed to stat report
[0802/114659.682:ERROR:crash_report_database_win.cc(469)] failed to stat report
[0802/114659.682:ERROR:crash_report_database_win.cc(469)] failed to stat report
[0802/114659.682:ERROR:crash_report_database_win.cc(469)] failed to stat report
[0802/114659.682:ERROR:crash_report_database_win.cc(469)] failed to stat report
[0802/114659.682:ERROR:crash_report_database_win.cc(469)] failed to stat report
[0802/114659.682:ERROR:crash_report_database_win.cc(469)] failed to stat report
[0802/114659.682:ERROR:crash_report_database_win.cc(469)] failed to stat report
[0802/114659.682:ERROR:crash_report_database_win.cc(469)] failed to stat report
[0802/114659.682:ERROR:crash_report_database_win.cc(469)] failed to stat report
[0802/114659.682:ERROR:crash_report_database_win.cc(469)] failed to stat report
[0802/114659.682:ERROR:crash_report_database_win.cc(469)] failed to stat report
[0802/114659.682:ERROR:crash_report_database_win.cc(469)] failed to stat report
[0802/120159.684:ERROR:crash_report_database_win.cc(469)] failed to stat report
[0802/120159.684:ERROR:crash_report_database_win.cc(469)] failed to stat report
[0802/120159.684:ERROR:crash_report_database_win.cc(469)] failed to stat report
[0802/120159.684:ERROR:crash_report_database_win.cc(469)] failed to stat report
[0802/120159.684:ERROR:crash_report_database_win.cc(469)] failed to stat report
[0802/120159.684:ERROR:crash_report_database_win.cc(469)] failed to stat report
[0802/120159.684:ERROR:crash_report_database_win.cc(469)] failed to stat report
[0802/120159.684:ERROR:crash_report_database_win.cc(469)] failed to stat report
[0802/120159.684:ERROR:crash_report_database_win.cc(469)] failed to stat report
[0802/120159.699:ERROR:crash_report_database_win.cc(469)] failed to stat report
[0802/120159.699:ERROR:crash_report_database_win.cc(469)] failed to stat report
[0802/120159.699:ERROR:crash_report_database_win.cc(469)] failed to stat report
[0802/121741.969:ERROR:crash_report_database_win.cc(469)] failed to stat report
[0802/121741.969:ERROR:crash_report_database_win.cc(469)] failed to stat report
[0802/121741.969:ERROR:crash_report_database_win.cc(469)] failed to stat report
[0802/121741.969:ERROR:crash_report_database_win.cc(469)] failed to stat report
[0802/121741.969:ERROR:crash_report_database_win.cc(469)] failed to stat report
[0802/121741.969:ERROR:crash_report_database_win.cc(469)] failed to stat report
[0802/121741.969:ERROR:crash_report_database_win.cc(469)] failed to stat report
[0802/121741.969:ERROR:crash_report_database_win.cc(469)] failed to stat report
[0802/121741.969:ERROR:crash_report_database_win.cc(469)] failed to stat report
[0802/121741.985:ERROR:crash_report_database_win.cc(469)] failed to stat report
[0802/121741.985:ERROR:crash_report_database_win.cc(469)] failed to stat report
[0802/121741.985:ERROR:crash_report_database_win.cc(469)] failed to stat report
[0802/123241.991:ERROR:crash_report_database_win.cc(469)] failed to stat report
[0802/123241.991:ERROR:crash_report_database_win.cc(469)] failed to stat report
[0802/123241.991:ERROR:crash_report_database_win.cc(469)] failed to stat report
[0802/123241.991:ERROR:crash_report_database_win.cc(469)] failed to stat report
[0802/123241.991:ERROR:crash_report_database_win.cc(469)] failed to stat report
[0802/123241.991:ERROR:crash_report_database_win.cc(469)] failed to stat report
[0802/123241.991:ERROR:crash_report_database_win.cc(469)] failed to stat report
[0802/123241.991:ERROR:crash_report_database_win.cc(469)] failed to stat report
[0802/123241.991:ERROR:crash_report_database_win.cc(469)] failed to stat report
[0802/123242.007:ERROR:crash_report_database_win.cc(469)] failed to stat report
[0802/123242.007:ERROR:crash_report_database_win.cc(469)] failed to stat report
[0802/123242.007:ERROR:crash_report_database_win.cc(469)] failed to stat report
[0802/124742.010:ERROR:crash_report_database_win.cc(469)] failed to stat report
[0802/124742.010:ERROR:crash_report_database_win.cc(469)] failed to stat report
[0802/124742.010:ERROR:crash_report_database_win.cc(469)] failed to stat report
[0802/124742.010:ERROR:crash_report_database_win.cc(469)] failed to stat report
[0802/124742.010:ERROR:crash_report_database_win.cc(469)] failed to stat report
[0802/124742.010:ERROR:crash_report_database_win.cc(469)] failed to stat report
[0802/124742.010:ERROR:crash_report_database_win.cc(469)] failed to stat report
[0802/124742.010:ERROR:crash_report_database_win.cc(469)] failed to stat report
[0802/124742.010:ERROR:crash_report_database_win.cc(469)] failed to stat report
[0802/124742.026:ERROR:crash_report_database_win.cc(469)] failed to stat report
[0802/124742.026:ERROR:crash_report_database_win.cc(469)] failed to stat report
[0802/124742.026:ERROR:crash_report_database_win.cc(469)] failed to stat report
[0802/130244.528:ERROR:crash_report_database_win.cc(469)] failed to stat report
[0802/130244.528:ERROR:crash_report_database_win.cc(469)] failed to stat report
[0802/130244.528:ERROR:crash_report_database_win.cc(469)] failed to stat report
[0802/130244.528:ERROR:crash_report_database_win.cc(469)] failed to stat report
[0802/130244.528:ERROR:crash_report_database_win.cc(469)] failed to stat report
[0802/130244.528:ERROR:crash_report_database_win.cc(469)] failed to stat report
[0802/130244.528:ERROR:crash_report_database_win.cc(469)] failed to stat report
[0802/130244.528:ERROR:crash_report_database_win.cc(469)] failed to stat report
[0802/130244.528:ERROR:crash_report_database_win.cc(469)] failed to stat report
[0802/130244.543:ERROR:crash_report_database_win.cc(469)] failed to stat report
[0802/130244.543:ERROR:crash_report_database_win.cc(469)] failed to stat report
[0802/130244.543:ERROR:crash_report_database_win.cc(469)] failed to stat report
[0802/142638.643:ERROR:crash_report_database_win.cc(469)] failed to stat report
[0802/142638.645:ERROR:crash_report_database_win.cc(469)] failed to stat report
[0802/142638.645:ERROR:crash_report_database_win.cc(469)] failed to stat report
[0802/142638.646:ERROR:crash_report_database_win.cc(469)] failed to stat report
[0802/142638.646:ERROR:crash_report_database_win.cc(469)] failed to stat report
[0802/142638.647:ERROR:crash_report_database_win.cc(469)] failed to stat report
[0802/142638.647:ERROR:crash_report_database_win.cc(469)] failed to stat report
[0802/142638.648:ERROR:crash_report_database_win.cc(469)] failed to stat report
[0802/142638.648:ERROR:crash_report_database_win.cc(469)] failed to stat report
[0802/142638.649:ERROR:crash_report_database_win.cc(469)] failed to stat report
[0802/142638.649:ERROR:crash_report_database_win.cc(469)] failed to stat report
[0802/142638.649:ERROR:crash_report_database_win.cc(469)] failed to stat report
[0802/143641.749:ERROR:crash_report_database_win.cc(469)] failed to stat report
[0802/143641.749:ERROR:crash_report_database_win.cc(469)] failed to stat report
[0802/143641.750:ERROR:crash_report_database_win.cc(469)] failed to stat report
[0802/143641.750:ERROR:crash_report_database_win.cc(469)] failed to stat report
[0802/143641.750:ERROR:crash_report_database_win.cc(469)] failed to stat report
[0802/143641.751:ERROR:crash_report_database_win.cc(469)] failed to stat report
[0802/143641.751:ERROR:crash_report_database_win.cc(469)] failed to stat report
[0802/143641.751:ERROR:crash_report_database_win.cc(469)] failed to stat report
[0802/143641.752:ERROR:crash_report_database_win.cc(469)] failed to stat report
[0802/143641.752:ERROR:crash_report_database_win.cc(469)] failed to stat report
[0802/143641.753:ERROR:crash_report_database_win.cc(469)] failed to stat report
[0802/143641.753:ERROR:crash_report_database_win.cc(469)] failed to stat report
[0802/143641.754:ERROR:crash_report_database_win.cc(469)] failed to stat report
[0802/143641.754:ERROR:crash_report_database_win.cc(469)] failed to stat report
[0802/143641.755:ERROR:crash_report_database_win.cc(469)] failed to stat report
[0802/143641.755:ERROR:crash_report_database_win.cc(469)] failed to stat report
[0802/143641.755:ERROR:crash_report_database_win.cc(469)] failed to stat report
[0802/143641.756:ERROR:crash_report_database_win.cc(469)] failed to stat report
[0802/143641.756:ERROR:crash_report_database_win.cc(469)] failed to stat report
[0802/143641.756:ERROR:crash_report_database_win.cc(469)] failed to stat report
[0802/143641.757:ERROR:crash_report_database_win.cc(469)] failed to stat report
[0802/143641.757:ERROR:crash_report_database_win.cc(469)] failed to stat report
[0802/143641.757:ERROR:crash_report_database_win.cc(469)] failed to stat report
[0802/143641.758:ERROR:crash_report_database_win.cc(469)] failed to stat report
[0802/144141.760:ERROR:crash_report_database_win.cc(469)] failed to stat report
[0802/144141.762:ERROR:crash_report_database_win.cc(469)] failed to stat report
[0802/144141.763:ERROR:crash_report_database_win.cc(469)] failed to stat report
[0802/144141.765:ERROR:crash_report_database_win.cc(469)] failed to stat report
[0802/144141.766:ERROR:crash_report_database_win.cc(469)] failed to stat report
[0802/144141.768:ERROR:crash_report_database_win.cc(469)] failed to stat report
[0802/144141.769:ERROR:crash_report_database_win.cc(469)] failed to stat report
[0802/144141.771:ERROR:crash_report_database_win.cc(469)] failed to stat report
[0802/144141.772:ERROR:crash_report_database_win.cc(469)] failed to stat report
[0802/144141.774:ERROR:crash_report_database_win.cc(469)] failed to stat report
[0802/144141.776:ERROR:crash_report_database_win.cc(469)] failed to stat report
[0802/144141.777:ERROR:crash_report_database_win.cc(469)] failed to stat report
[0802/145641.781:ERROR:crash_report_database_win.cc(469)] failed to stat report
[0802/145641.783:ERROR:crash_report_database_win.cc(469)] failed to stat report
[0802/145641.784:ERROR:crash_report_database_win.cc(469)] failed to stat report
[0802/145641.786:ERROR:crash_report_database_win.cc(469)] failed to stat report
[0802/145641.787:ERROR:crash_report_database_win.cc(469)] failed to stat report
[0802/145641.789:ERROR:crash_report_database_win.cc(469)] failed to stat report
[0802/145641.790:ERROR:crash_report_database_win.cc(469)] failed to stat report
[0802/145641.792:ERROR:crash_report_database_win.cc(469)] failed to stat report
[0802/145641.793:ERROR:crash_report_database_win.cc(469)] failed to stat report
[0802/145641.795:ERROR:crash_report_database_win.cc(469)] failed to stat report
[0802/145641.796:ERROR:crash_report_database_win.cc(469)] failed to stat report
[0802/145641.797:ERROR:crash_report_database_win.cc(469)] failed to stat report
[0802/151141.801:ERROR:crash_report_database_win.cc(469)] failed to stat report
[0802/151141.804:ERROR:crash_report_database_win.cc(469)] failed to stat report
[0802/151141.805:ERROR:crash_report_database_win.cc(469)] failed to stat report
[0802/151141.807:ERROR:crash_report_database_win.cc(469)] failed to stat report
[0802/151141.808:ERROR:crash_report_database_win.cc(469)] failed to stat report
[0802/151141.809:ERROR:crash_report_database_win.cc(469)] failed to stat report
[0802/151141.811:ERROR:crash_report_database_win.cc(469)] failed to stat report
[0802/151141.812:ERROR:crash_report_database_win.cc(469)] failed to stat report
[0802/151141.814:ERROR:crash_report_database_win.cc(469)] failed to stat report
[0802/151141.814:ERROR:crash_report_database_win.cc(469)] failed to stat report
[0802/151141.816:ERROR:crash_report_database_win.cc(469)] failed to stat report
[0802/151141.817:ERROR:crash_report_database_win.cc(469)] failed to stat report
[0802/152641.821:ERROR:crash_report_database_win.cc(469)] failed to stat report
[0802/152641.823:ERROR:crash_report_database_win.cc(469)] failed to stat report
[0802/152641.824:ERROR:crash_report_database_win.cc(469)] failed to stat report
[0802/152641.826:ERROR:crash_report_database_win.cc(469)] failed to stat report
[0802/152641.827:ERROR:crash_report_database_win.cc(469)] failed to stat report
[0802/152641.828:ERROR:crash_report_database_win.cc(469)] failed to stat report
[0802/152641.830:ERROR:crash_report_database_win.cc(469)] failed to stat report
[0802/152641.831:ERROR:crash_report_database_win.cc(469)] failed to stat report
[0802/152641.832:ERROR:crash_report_database_win.cc(469)] failed to stat report
[0802/152641.833:ERROR:crash_report_database_win.cc(469)] failed to stat report
[0802/152641.834:ERROR:crash_report_database_win.cc(469)] failed to stat report
[0802/152641.835:ERROR:crash_report_database_win.cc(469)] failed to stat report
[0802/154141.839:ERROR:crash_report_database_win.cc(469)] failed to stat report
[0802/154141.841:ERROR:crash_report_database_win.cc(469)] failed to stat report
[0802/154141.842:ERROR:crash_report_database_win.cc(469)] failed to stat report
[0802/154141.844:ERROR:crash_report_database_win.cc(469)] failed to stat report
[0802/154141.845:ERROR:crash_report_database_win.cc(469)] failed to stat report
[0802/154141.847:ERROR:crash_report_database_win.cc(469)] failed to stat report
[0802/154141.848:ERROR:crash_report_database_win.cc(469)] failed to stat report
[0802/154141.850:ERROR:crash_report_database_win.cc(469)] failed to stat report
[0802/154141.852:ERROR:crash_report_database_win.cc(469)] failed to stat report
[0802/154141.855:ERROR:crash_report_database_win.cc(469)] failed to stat report
[0802/154141.857:ERROR:crash_report_database_win.cc(469)] failed to stat report
[0802/154141.858:ERROR:crash_report_database_win.cc(469)] failed to stat report
[0802/155641.862:ERROR:crash_report_database_win.cc(469)] failed to stat report
[0802/155641.864:ERROR:crash_report_database_win.cc(469)] failed to stat report
[0802/155641.865:ERROR:crash_report_database_win.cc(469)] failed to stat report
[0802/155641.867:ERROR:crash_report_database_win.cc(469)] failed to stat report
[0802/155641.868:ERROR:crash_report_database_win.cc(469)] failed to stat report
[0802/155641.870:ERROR:crash_report_database_win.cc(469)] failed to stat report
[0802/155641.871:ERROR:crash_report_database_win.cc(469)] failed to stat report
[0802/155641.873:ERROR:crash_report_database_win.cc(469)] failed to stat report
[0802/155641.874:ERROR:crash_report_database_win.cc(469)] failed to stat report
[0802/155641.875:ERROR:crash_report_database_win.cc(469)] failed to stat report
[0802/155641.877:ERROR:crash_report_database_win.cc(469)] failed to stat report
[0802/155641.878:ERROR:crash_report_database_win.cc(469)] failed to stat report
[0802/161143.810:ERROR:crash_report_database_win.cc(469)] failed to stat report
[0802/161143.810:ERROR:crash_report_database_win.cc(469)] failed to stat report
[0802/161143.811:ERROR:crash_report_database_win.cc(469)] failed to stat report
[0802/161143.811:ERROR:crash_report_database_win.cc(469)] failed to stat report
[0802/161143.811:ERROR:crash_report_database_win.cc(469)] failed to stat report
[0802/161143.812:ERROR:crash_report_database_win.cc(469)] failed to stat report
[0802/161143.812:ERROR:crash_report_database_win.cc(469)] failed to stat report
[0802/161143.813:ERROR:crash_report_database_win.cc(469)] failed to stat report
[0802/161143.813:ERROR:crash_report_database_win.cc(469)] failed to stat report
[0802/161143.813:ERROR:crash_report_database_win.cc(469)] failed to stat report
[0802/161143.814:ERROR:crash_report_database_win.cc(469)] failed to stat report
[0802/161143.814:ERROR:crash_report_database_win.cc(469)] failed to stat report
[0802/162659.997:ERROR:crash_report_database_win.cc(469)] failed to stat report
[0802/162659.997:ERROR:crash_report_database_win.cc(469)] failed to stat report
[0802/162659.998:ERROR:crash_report_database_win.cc(469)] failed to stat report
[0802/162659.998:ERROR:crash_report_database_win.cc(469)] failed to stat report
[0802/162659.998:ERROR:crash_report_database_win.cc(469)] failed to stat report
[0802/162659.999:ERROR:crash_report_database_win.cc(469)] failed to stat report
[0802/162659.999:ERROR:crash_report_database_win.cc(469)] failed to stat report
[0802/162659.999:ERROR:crash_report_database_win.cc(469)] failed to stat report
[0802/162700.000:ERROR:crash_report_database_win.cc(469)] failed to stat report
[0802/162700.000:ERROR:crash_report_database_win.cc(469)] failed to stat report
[0802/162700.001:ERROR:crash_report_database_win.cc(469)] failed to stat report
[0802/162700.001:ERROR:crash_report_database_win.cc(469)] failed to stat report
[0802/164215.392:ERROR:crash_report_database_win.cc(469)] failed to stat report
[0802/164215.392:ERROR:crash_report_database_win.cc(469)] failed to stat report
[0802/164215.393:ERROR:crash_report_database_win.cc(469)] failed to stat report
[0802/164215.393:ERROR:crash_report_database_win.cc(469)] failed to stat report
[0802/164215.393:ERROR:crash_report_database_win.cc(469)] failed to stat report
[0802/164215.394:ERROR:crash_report_database_win.cc(469)] failed to stat report
[0802/164215.394:ERROR:crash_report_database_win.cc(469)] failed to stat report
[0802/164215.394:ERROR:crash_report_database_win.cc(469)] failed to stat report
[0802/164215.395:ERROR:crash_report_database_win.cc(469)] failed to stat report
[0802/164215.395:ERROR:crash_report_database_win.cc(469)] failed to stat report
[0802/164215.396:ERROR:crash_report_database_win.cc(469)] failed to stat report
[0802/164215.396:ERROR:crash_report_database_win.cc(469)] failed to stat report
[0802/165730.444:ERROR:crash_report_database_win.cc(469)] failed to stat report
[0802/165730.444:ERROR:crash_report_database_win.cc(469)] failed to stat report
[0802/165730.445:ERROR:crash_report_database_win.cc(469)] failed to stat report
[0802/165730.445:ERROR:crash_report_database_win.cc(469)] failed to stat report
[0802/165730.445:ERROR:crash_report_database_win.cc(469)] failed to stat report
[0802/165730.446:ERROR:crash_report_database_win.cc(469)] failed to stat report
[0802/165730.446:ERROR:crash_report_database_win.cc(469)] failed to stat report
[0802/165730.446:ERROR:crash_report_database_win.cc(469)] failed to stat report
[0802/165730.447:ERROR:crash_report_database_win.cc(469)] failed to stat report
[0802/165730.447:ERROR:crash_report_database_win.cc(469)] failed to stat report
[0802/165730.447:ERROR:crash_report_database_win.cc(469)] failed to stat report
[0802/165730.448:ERROR:crash_report_database_win.cc(469)] failed to stat report
[0802/171243.576:ERROR:crash_report_database_win.cc(469)] failed to stat report
[0802/171243.576:ERROR:crash_report_database_win.cc(469)] failed to stat report
[0802/171243.577:ERROR:crash_report_database_win.cc(469)] failed to stat report
[0802/171243.577:ERROR:crash_report_database_win.cc(469)] failed to stat report
[0802/171243.577:ERROR:crash_report_database_win.cc(469)] failed to stat report
[0802/171243.578:ERROR:crash_report_database_win.cc(469)] failed to stat report
[0802/171243.578:ERROR:crash_report_database_win.cc(469)] failed to stat report
[0802/171243.579:ERROR:crash_report_database_win.cc(469)] failed to stat report
[0802/171243.579:ERROR:crash_report_database_win.cc(469)] failed to stat report
[0802/171243.579:ERROR:crash_report_database_win.cc(469)] failed to stat report
[0802/171243.580:ERROR:crash_report_database_win.cc(469)] failed to stat report
[0802/171243.580:ERROR:crash_report_database_win.cc(469)] failed to stat report
